2020-08-30 17:00:56   本地磁盘空间：55.636 GB [E盘]
2020-08-30 17:01:11   fxxxxx-fxxxxx密码校验成功！
2020-08-30 17:01:20   fxxxxx-oxxxxx密码校验成功！
2020-08-30 17:01:32   sxxxxxx-rxxx密码校验成功！
2020-08-30 17:01:43   密码错误！需重新输入！[剩余2次]
2020-08-30 17:01:53   yxxxxxx-exxxxx密码校验成功！
2020-08-30 17:02:02   cxxxx7-rxxx密码校验成功！
2020-08-30 17:02:11   cxxxx8-rxxx密码校验成功！
2020-08-30 17:02:19   cxxxx9-rxxx密码校验成功！
2020-08-30 17:02:19   
2020-08-30 17:02:19   
2020-08-30 17:02:19   --------01.fxxxxx-fxxxxxx 开始拷贝--------
2020-08-30 17:02:20   xxxx备份目录：/home/fxxxxx/bxxxxxx
2020-08-30 17:02:20   备份文件名称：fxxxxx01_axxxxx01_20200703_232927.tar.gz
2020-08-30 17:02:23   备份文件大小：37.042 MB
2020-08-30 17:02:23   检查备份空间：fxxxxx-fxxxxxx备份挂载点/，剩余空间21G，已使用56%
2020-08-30 17:02:23   备份文件 MD5：xxxxxxxxxxxxxxxxxxxxxxxxxxxxxxxx
2020-08-30 17:02:23   本地存放目录：E:\xxxx备份\20200703\fxxxxx125
2020-08-30 17:02:24   本地文件存在：E:\xxxx备份\20200703\fxxxxx125\fxxxxx01_axxxxx01_20200703_232927.tar.gz，且MD5值一致，跳过...
2020-08-30 17:02:24   --------01.fxxxxx-fxxxxxx 拷贝完成--------
2020-08-30 17:02:24   
2020-08-30 17:02:24   
2020-08-30 17:02:24   --------02.fxxxxx-sxxxxx 开始拷贝--------
2020-08-30 17:02:24   xxxx备份目录：~/sxxxxx_bak/001
2020-08-30 17:02:25   备份文件名称：20200703.log
2020-08-30 17:02:27   备份文件大小：0.003 MB
2020-08-30 17:02:28   检查备份空间：fxxxxx-sxxxxx备份挂载点/，剩余空间21G，已使用56%
2020-08-30 17:02:28   备份文件 MD5：xxxxxxxxxxxxxxxxxxxxxxxxxxxxxxxx
2020-08-30 17:02:28   本地存放目录：E:\xxxx备份\20200703\fxxxxx125
2020-08-30 17:02:28   本地文件存在：E:\xxxx备份\20200703\fxxxxx125\20200703.log，且MD5值一致，跳过...
2020-08-30 17:02:28   --------02.fxxxxx-sxxxxx 拷贝完成--------
2020-08-30 17:02:28   
2020-08-30 17:02:28   
2020-08-30 17:02:28   --------03.fxxxxx-dmp 开始拷贝--------
2020-08-30 17:02:28   xxxx备份目录：/home/oxxxxx/dxxx_back
2020-08-30 17:02:29   备份文件名称：20200703.dmp
2020-08-30 17:02:32   备份文件大小：0.003 MB
2020-08-30 17:02:32   检查备份空间：fxxxxx-dmp备份挂载点/，剩余空间21G，已使用56%
2020-08-30 17:02:32   备份文件 MD5：xxxxxxxxxxxxxxxxxxxxxxxxxxxxxxxx
2020-08-30 17:02:32   本地存放目录：E:\xxxx备份\20200703\fxxxxx125
2020-08-30 17:02:32   本地文件存在：E:\xxxx备份\20200703\fxxxxx125\20200703.dmp，且MD5值一致，跳过...
2020-08-30 17:02:32   --------03.fxxxxx-dmp 拷贝完成--------
2020-08-30 17:02:32   
2020-08-30 17:02:32   
2020-08-30 17:02:32   --------04.sxxxxxx-sxxx1-dx 开始拷贝--------
2020-08-30 17:02:33   xxxx备份目录：/home/uxxxx/rxx_xxxxx/rxx_bxxxxxx/dx_xxxxxx
2020-08-30 17:02:33   备份文件名称：sxxxxxx_sxxx1_20200703.tar.gz
2020-08-30 17:02:36   备份文件大小：1.899 GB
2020-08-30 17:02:36   检查备份空间：sxxxxxx-sxxx1-dx备份挂载点/，剩余空间21G，已使用56%
2020-08-30 17:02:42   备份文件 MD5：xxxxxxxxxxxxxxxxxxxxxxxxxxxxxxxx
2020-08-30 17:02:42   本地存放目录：E:\xxxx备份\20200703
2020-08-30 17:02:53   本地文件存在：E:\xxxx备份\20200703\sxxxxxx_sxxx1_20200703.tar.gz，且MD5值一致，跳过...
2020-08-30 17:02:53   --------04.sxxxxxx-sxxx1-dx 拷贝完成--------
2020-08-30 17:02:53   
2020-08-30 17:02:53   
2020-08-30 17:02:53   --------05.sxxxxxx-sxxx2-dx 开始拷贝--------
2020-08-30 17:02:53   xxxx备份目录：/home/uxxxx/rxx_xxxxx/rxx_bxxxxxx/dx_xxxxxx
2020-08-30 17:02:54   备份文件名称：sxxxxxx_sxxx2_20200703.tar.gz
2020-08-30 17:02:56   备份文件大小：100.105 MB
2020-08-30 17:02:57   检查备份空间：sxxxxxx-sxxx2-dx备份挂载点/，剩余空间21G，已使用56%
2020-08-30 17:02:57   备份文件 MD5：xxxxxxxxxxxxxxxxxxxxxxxxxxxxxxxx
2020-08-30 17:02:57   本地存放目录：E:\xxxx备份\20200703
2020-08-30 17:02:58   本地文件存在：E:\xxxx备份\20200703\sxxxxxx_sxxx2_20200703.tar.gz，且MD5值一致，跳过...
2020-08-30 17:02:58   --------05.sxxxxxx-sxxx2-dx 拷贝完成--------
2020-08-30 17:02:58   
2020-08-30 17:02:58   
2020-08-30 17:02:58   --------06.yxxxxxx-sxxx-dx 开始拷贝--------
2020-08-30 17:02:58   xxxx备份目录：/home/db_bak
2020-08-30 17:02:59   备份文件名称：yxxxxxx_sxxx_20200703.tar.gz
2020-08-30 17:03:01   备份文件大小：0.019 MB
2020-08-30 17:03:02   检查备份空间：yxxxxxx-sxxx-dx备份挂载点/，剩余空间21G，已使用56%
2020-08-30 17:03:02   备份文件 MD5：xxxxxxxxxxxxxxxxxxxxxxxxxxxxxxxx
2020-08-30 17:03:02   本地存放目录：E:\xxxx备份\20200703
2020-08-30 17:03:02   本地文件存在：E:\xxxx备份\20200703\yxxxxxx_sxxx_20200703.tar.gz，且MD5值一致，跳过...
2020-08-30 17:03:02   --------06.yxxxxxx-sxxx-dx 拷贝完成--------
2020-08-30 17:03:02   
2020-08-30 17:03:02   
2020-08-30 17:03:02   --------08.xx7-txxxx-fxxxxxx 开始拷贝--------
2020-08-30 17:03:02   xxxx备份目录：/home/txxxx/dxxx/bxxxxxx
2020-08-30 17:03:03   备份文件名称：20200703_232123.zip
2020-08-30 17:03:06   备份文件大小：3.917 MB
2020-08-30 17:03:06   检查备份空间：xx7-txxxx-fxxxxxx备份挂载点/home/txxxx，剩余空间40G，已使用16%
2020-08-30 17:03:06   备份文件 MD5：xxxxxxxxxxxxxxxxxxxxxxxxxxxxxxxx
2020-08-30 17:03:06   本地存放目录：E:\xxxx备份\20200703\xx7txxxx
2020-08-30 17:03:06   本地文件存在：E:\xxxx备份\20200703\xx7txxxx\20200703_232123.zip，且MD5值一致，跳过...
2020-08-30 17:03:06   --------08.xx7-txxxx-fxxxxxx 拷贝完成--------
2020-08-30 17:03:06   
2020-08-30 17:03:06   
2020-08-30 17:03:06   --------09.xx7-rxxx-fxxxxxx 开始拷贝--------
2020-08-30 17:03:07   xxxx备份目录：/home/rxxx/dxxx/bxxxxxx
2020-08-30 17:03:07   备份文件名称：20200703_232354.zip
2020-08-30 17:03:10   备份文件大小：100.101 MB
2020-08-30 17:03:10   检查备份空间：xx7-rxxx-fxxxxxx备份挂载点/home/rxxx，剩余空间14G，已使用27%
2020-08-30 17:03:11   备份文件 MD5：xxxxxxxxxxxxxxxxxxxxxxxxxxxxxxxx
2020-08-30 17:03:11   本地存放目录：E:\xxxx备份\20200703\xx7rxxx
2020-08-30 17:03:12   本地文件存在：E:\xxxx备份\20200703\xx7rxxx\20200703_232354.zip，且MD5值一致，跳过...
2020-08-30 17:03:12   --------09.xx7-rxxx-fxxxxxx 拷贝完成--------
2020-08-30 17:03:12   
2020-08-30 17:03:12   
2020-08-30 17:03:12   --------10.xx8-rxxx-fxxxxxx 开始拷贝--------
2020-08-30 17:03:12   xxxx备份目录：/home/rxxx/dxxx/bxxxxxx
2020-08-30 17:03:13   备份文件名称：20200703_232354.zip
2020-08-30 17:03:15   备份文件大小：100.101 MB
2020-08-30 17:03:15   检查备份空间：xx8-rxxx-fxxxxxx备份挂载点/home/rxxx，剩余空间14G，已使用27%
2020-08-30 17:03:16   备份文件 MD5：xxxxxxxxxxxxxxxxxxxxxxxxxxxxxxxx
2020-08-30 17:03:16   本地存放目录：E:\xxxx备份\20200703\xx8rxxx
2020-08-30 17:03:17   本地文件存在：E:\xxxx备份\20200703\xx8rxxx\20200703_232354.zip，且MD5值一致，跳过...
2020-08-30 17:03:17   --------10.xx8-rxxx-fxxxxxx 拷贝完成--------
2020-08-30 17:03:17   
2020-08-30 17:03:17   
2020-08-30 17:03:17   --------11.xx9-rxxx-fxxxxxx 开始拷贝--------
2020-08-30 17:03:17   xxxx备份目录：/home/rxxx/dxxx/bxxxxxx
2020-08-30 17:03:18   备份文件名称：20200703_232354.zip
2020-08-30 17:03:20   备份文件大小：100.101 MB
2020-08-30 17:03:20   检查备份空间：xx9-rxxx-fxxxxxx备份挂载点/home/rxxx，剩余空间14G，已使用27%
2020-08-30 17:03:21   备份文件 MD5：xxxxxxxxxxxxxxxxxxxxxxxxxxxxxxxx
2020-08-30 17:03:21   本地存放目录：E:\xxxx备份\20200703\xx9rxxx
2020-08-30 17:03:22   本地文件存在：E:\xxxx备份\20200703\xx9rxxx\20200703_232354.zip，且MD5值一致，跳过...
2020-08-30 17:03:22   --------11.xx9-rxxx-fxxxxxx 拷贝完成--------
2020-08-30 17:03:22   
2020-08-30 17:03:22   
2020-08-30 17:03:35   拷贝已全部完成！
2020-08-30 17:03:35   
2020-08-30 17:03:35   
